2019-06-23 12:54:10,256 INFO 7516 [egg-schedule]: register schedule E:\nodeSoEasy\soEasy\node_modules\egg-multipart\app\schedule\clean_tmpdir.js
2019-06-23 12:54:10,256 INFO 7516 [egg-schedule]: register schedule E:\nodeSoEasy\soEasy\node_modules\egg-logrotator\app\schedule\clean_log.js
2019-06-23 12:54:10,257 INFO 7516 [egg-schedule]: register schedule E:\nodeSoEasy\soEasy\node_modules\egg-logrotator\app\schedule\rotate_by_file.js
2019-06-23 12:54:10,400 INFO 5692 [Timer] E:\nodeSoEasy\soEasy\node_modules\egg-multipart\app\schedule\clean_tmpdir.js next time will execute after 56149616ms at 2019-06-24 04:30:00.016
2019-06-23 12:54:10,400 INFO 5692 [Timer] E:\nodeSoEasy\soEasy\node_modules\egg-logrotator\app\schedule\clean_log.js next time will execute after 39949600ms at 2019-06-24 00:00:00.000
2019-06-23 12:54:10,401 INFO 5692 [Timer] E:\nodeSoEasy\soEasy\node_modules\egg-logrotator\app\schedule\rotate_by_file.js next time will execute after 39950600ms at 2019-06-24 00:00:01.001
2019-06-23 13:16:00,186 INFO 7928 [Timer] E:\nodeSoEasy\soEasy\node_modules\egg-multipart\app\schedule\clean_tmpdir.js next time will execute after 54839817ms at 2019-06-24 04:30:00.003
2019-06-23 13:16:00,186 INFO 7928 [Timer] E:\nodeSoEasy\soEasy\node_modules\egg-logrotator\app\schedule\clean_log.js next time will execute after 38639814ms at 2019-06-24 00:00:00.000
2019-06-23 13:16:00,187 INFO 7928 [Timer] E:\nodeSoEasy\soEasy\node_modules\egg-logrotator\app\schedule\rotate_by_file.js next time will execute after 38640814ms at 2019-06-24 00:00:01.001
2019-06-23 13:16:00,091 INFO 4792 [egg-schedule]: register schedule E:\nodeSoEasy\soEasy\node_modules\egg-multipart\app\schedule\clean_tmpdir.js
2019-06-23 13:16:00,091 INFO 4792 [egg-schedule]: register schedule E:\nodeSoEasy\soEasy\node_modules\egg-logrotator\app\schedule\clean_log.js
2019-06-23 13:16:00,091 INFO 4792 [egg-schedule]: register schedule E:\nodeSoEasy\soEasy\node_modules\egg-logrotator\app\schedule\rotate_by_file.js
2019-06-23 13:17:00,101 INFO 9524 [egg-schedule]: register schedule E:\nodeSoEasy\soEasy\node_modules\egg-multipart\app\schedule\clean_tmpdir.js
2019-06-23 13:17:00,101 INFO 9524 [egg-schedule]: register schedule E:\nodeSoEasy\soEasy\node_modules\egg-logrotator\app\schedule\clean_log.js
2019-06-23 13:17:00,101 INFO 9524 [egg-schedule]: register schedule E:\nodeSoEasy\soEasy\node_modules\egg-logrotator\app\schedule\rotate_by_file.js
2019-06-23 13:17:03,434 INFO 8132 [egg-schedule]: register schedule E:\nodeSoEasy\soEasy\node_modules\egg-multipart\app\schedule\clean_tmpdir.js
2019-06-23 13:17:03,434 INFO 8132 [egg-schedule]: register schedule E:\nodeSoEasy\soEasy\node_modules\egg-logrotator\app\schedule\clean_log.js
2019-06-23 13:17:03,434 INFO 8132 [egg-schedule]: register schedule E:\nodeSoEasy\soEasy\node_modules\egg-logrotator\app\schedule\rotate_by_file.js
2019-06-23 13:17:05,245 INFO 6480 [egg-schedule]: register schedule E:\nodeSoEasy\soEasy\node_modules\egg-multipart\app\schedule\clean_tmpdir.js
2019-06-23 13:17:05,245 INFO 6480 [egg-schedule]: register schedule E:\nodeSoEasy\soEasy\node_modules\egg-logrotator\app\schedule\clean_log.js
2019-06-23 13:17:05,245 INFO 6480 [egg-schedule]: register schedule E:\nodeSoEasy\soEasy\node_modules\egg-logrotator\app\schedule\rotate_by_file.js
2019-06-23 13:18:13,757 INFO 2964 [egg-schedule]: register schedule E:\nodeSoEasy\soEasy\node_modules\egg-multipart\app\schedule\clean_tmpdir.js
2019-06-23 13:18:13,757 INFO 2964 [egg-schedule]: register schedule E:\nodeSoEasy\soEasy\node_modules\egg-logrotator\app\schedule\clean_log.js
2019-06-23 13:18:13,757 INFO 2964 [egg-schedule]: register schedule E:\nodeSoEasy\soEasy\node_modules\egg-logrotator\app\schedule\rotate_by_file.js
