2019-06-23 12:54:30,178 ERROR 7516 [-/::1/-/63ms GET /] nodejs.Error: Please set config.keys first
    at Application.get keys [as keys] (E:\nodeSoEasy\soEasy\node_modules\egg\lib\application.js:257:15)
    at Object.get cookies [as cookies] (E:\nodeSoEasy\soEasy\node_modules\egg\app\extend\context.js:22:66)
    at Object.get [egg-security#CSRF_SECRET] (E:\nodeSoEasy\soEasy\node_modules\egg-security\app\extend\context.js:86:33)
    at Object.ensureCsrfSecret (E:\nodeSoEasy\soEasy\node_modules\egg-security\app\extend\context.js:97:13)
    at csrf (E:\nodeSoEasy\soEasy\node_modules\egg-security\lib\middlewares\csrf.js:14:9)
    at dispatch (E:\nodeSoEasy\soEasy\node_modules\egg-security\node_modules\koa-compose\index.js:42:32)
    at E:\nodeSoEasy\soEasy\node_modules\egg-security\node_modules\koa-compose\index.js:34:12
    at dispatch (E:\nodeSoEasy\soEasy\node_modules\koa\node_modules\koa-compose\index.js:42:32)
    at session (E:\nodeSoEasy\soEasy\node_modules\koa-session\index.js:41:13)
    at dispatch (E:\nodeSoEasy\soEasy\node_modules\koa\node_modules\koa-compose\index.js:42:32)

pid: 7516
hostname: WIN-04VGU97UF9O

2019-06-23 12:56:47,808 ERROR 7516 [-/::1/-/20ms GET /news] nodejs.Error: Please set config.keys first
    at Application.get keys [as keys] (E:\nodeSoEasy\soEasy\node_modules\egg\lib\application.js:257:15)
    at Object.get cookies [as cookies] (E:\nodeSoEasy\soEasy\node_modules\egg\app\extend\context.js:22:66)
    at Object.get [egg-security#CSRF_SECRET] (E:\nodeSoEasy\soEasy\node_modules\egg-security\app\extend\context.js:86:33)
    at Object.ensureCsrfSecret (E:\nodeSoEasy\soEasy\node_modules\egg-security\app\extend\context.js:97:13)
    at csrf (E:\nodeSoEasy\soEasy\node_modules\egg-security\lib\middlewares\csrf.js:14:9)
    at dispatch (E:\nodeSoEasy\soEasy\node_modules\egg-security\node_modules\koa-compose\index.js:42:32)
    at E:\nodeSoEasy\soEasy\node_modules\egg-security\node_modules\koa-compose\index.js:34:12
    at dispatch (E:\nodeSoEasy\soEasy\node_modules\koa\node_modules\koa-compose\index.js:42:32)
    at session (E:\nodeSoEasy\soEasy\node_modules\koa-session\index.js:41:13)
    at dispatch (E:\nodeSoEasy\soEasy\node_modules\koa\node_modules\koa-compose\index.js:42:32)

pid: 7516
hostname: WIN-04VGU97UF9O

